c:\users\timur\source\repos\tower_defense\tower_defense\debug\vc141.pdb
c:\users\timur\source\repos\tower_defense\tower_defense\debug\vc141.idb
c:\users\timur\source\repos\tower_defense\tower_defense\debug\towerscontrol.obj
c:\users\timur\source\repos\tower_defense\tower_defense\debug\tower.obj
c:\users\timur\source\repos\tower_defense\tower_defense\debug\shop.obj
c:\users\timur\source\repos\tower_defense\tower_defense\debug\roadcell.obj
c:\users\timur\source\repos\tower_defense\tower_defense\debug\results.obj
c:\users\timur\source\repos\tower_defense\tower_defense\debug\nextwave.obj
c:\users\timur\source\repos\tower_defense\tower_defense\debug\blockscontrol.obj
c:\users\timur\source\repos\tower_defense\tower_defense\debug\missiles.obj
c:\users\timur\source\repos\tower_defense\tower_defense\debug\menu.obj
c:\users\timur\source\repos\tower_defense\tower_defense\debug\makeroad.obj
c:\users\timur\source\repos\tower_defense\tower_defense\debug\maingame.obj
c:\users\timur\source\repos\tower_defense\tower_defense\debug\main.obj
c:\users\timur\source\repos\tower_defense\tower_defense\debug\lastenemy.obj
c:\users\timur\source\repos\tower_defense\tower_defense\debug\field.obj
c:\users\timur\source\repos\tower_defense\tower_defense\debug\enemy.obj
c:\users\timur\source\repos\tower_defense\tower_defense\debug\enemieswave.obj
c:\users\timur\source\repos\tower_defense\tower_defense\debug\cyclefuncions.obj
c:\users\timur\source\repos\tower_defense\tower_defense\debug\blockonfield.obj
c:\users\timur\source\repos\tower_defense\tower_defense\debug\beam.obj
c:\users\timur\source\repos\tower_defense\tower_defense\debug\playmusic.obj
c:\users\timur\source\repos\tower_defense\tower_defense\debug\music.obj
c:\users\timur\source\repos\tower_defense\debug\tower_defense.exe
c:\users\timur\source\repos\tower_defense\debug\tower_defense.ilk
c:\users\timur\source\repos\tower_defense\debug\tower_defense.pdb
c:\users\timur\source\repos\tower_defense\tower_defense\debug\tower_defense.tlog\cl.command.1.tlog
c:\users\timur\source\repos\tower_defense\tower_defense\debug\tower_defense.tlog\cl.read.1.tlog
c:\users\timur\source\repos\tower_defense\tower_defense\debug\tower_defense.tlog\cl.write.1.tlog
c:\users\timur\source\repos\tower_defense\tower_defense\debug\tower_defense.tlog\link.command.1.tlog
c:\users\timur\source\repos\tower_defense\tower_defense\debug\tower_defense.tlog\link.read.1.tlog
c:\users\timur\source\repos\tower_defense\tower_defense\debug\tower_defense.tlog\link.write.1.tlog
