c:\users\timur\source\repos\tower_defense\tower_defense\release\vc141.pdb
c:\users\timur\source\repos\tower_defense\tower_defense\release\towerscontrol.obj
c:\users\timur\source\repos\tower_defense\tower_defense\release\tower.obj
c:\users\timur\source\repos\tower_defense\tower_defense\release\drawshop.obj
c:\users\timur\source\repos\tower_defense\tower_defense\release\roadcell.obj
c:\users\timur\source\repos\tower_defense\tower_defense\release\results.obj
c:\users\timur\source\repos\tower_defense\tower_defense\release\missilescontrol.obj
c:\users\timur\source\repos\tower_defense\tower_defense\release\maingame.obj
c:\users\timur\source\repos\tower_defense\tower_defense\release\main.obj
c:\users\timur\source\repos\tower_defense\tower_defense\release\field.obj
c:\users\timur\source\repos\tower_defense\tower_defense\release\enemy.obj
c:\users\timur\source\repos\tower_defense\tower_defense\release\enemieswave.obj
c:\users\timur\source\repos\tower_defense\tower_defense\release\cyclefuncions.obj
c:\users\timur\source\repos\tower_defense\release\tower_defense.exe
c:\users\timur\source\repos\tower_defense\release\tower_defense.pdb
c:\users\timur\source\repos\tower_defense\release\tower_defense.ipdb
c:\users\timur\source\repos\tower_defense\release\tower_defense.iobj
c:\users\timur\source\repos\tower_defense\tower_defense\release\tower_defense.tlog\cl.command.1.tlog
c:\users\timur\source\repos\tower_defense\tower_defense\release\tower_defense.tlog\cl.read.1.tlog
c:\users\timur\source\repos\tower_defense\tower_defense\release\tower_defense.tlog\cl.write.1.tlog
c:\users\timur\source\repos\tower_defense\tower_defense\release\tower_defense.tlog\link.command.1.tlog
c:\users\timur\source\repos\tower_defense\tower_defense\release\tower_defense.tlog\link.read.1.tlog
c:\users\timur\source\repos\tower_defense\tower_defense\release\tower_defense.tlog\link.write.1.tlog
c:\users\timur\source\repos\tower_defense\tower_defense\release\tower_defense.tlog\tower_defense.write.1u.tlog
