  beam.cpp
c:\users\timur\source\repos\tower_defense\tower_defense\beam.cpp(11): warning C4244: 'argument': conversion from 'double' to 'float', possible loss of data
c:\users\timur\source\repos\tower_defense\tower_defense\beam.cpp(14): warning C4244: 'argument': conversion from 'double' to 'float', possible loss of data
  blockOnField.cpp
c:\users\timur\source\repos\tower_defense\tower_defense\blockonfield.cpp(24): warning C4244: 'argument': conversion from '_Ty1' to 'float', possible loss of data
          with
          [
              _Ty1=int
          ]
c:\users\timur\source\repos\tower_defense\tower_defense\blockonfield.cpp(24): warning C4244: 'argument': conversion from '_Ty2' to 'float', possible loss of data
          with
          [
              _Ty2=int
          ]
c:\users\timur\source\repos\tower_defense\tower_defense\blockonfield.cpp(41): warning C4244: 'argument': conversion from 'double' to 'T', possible loss of data
          with
          [
              T=float
          ]
c:\users\timur\source\repos\tower_defense\tower_defense\blockonfield.cpp(43): warning C4244: 'argument': conversion from 'double' to 'float', possible loss of data
c:\users\timur\source\repos\tower_defense\tower_defense\blockonfield.cpp(44): warning C4244: 'argument': conversion from 'double' to 'float', possible loss of data
  cycleFuncions.cpp
  enemiesWave.cpp
  enemy.cpp
c:\users\timur\source\repos\tower_defense\tower_defense\enemy.cpp(135): warning C4244: 'argument': conversion from 'double' to 'float', possible loss of data
c:\users\timur\source\repos\tower_defense\tower_defense\enemy.cpp(135): warning C4244: 'argument': conversion from '_Ty2' to 'float', possible loss of data
          with
          [
              _Ty2=int
          ]
c:\users\timur\source\repos\tower_defense\tower_defense\enemy.cpp(140): warning C4244: 'argument': conversion from 'double' to 'float', possible loss of data
c:\users\timur\source\repos\tower_defense\tower_defense\enemy.cpp(140): warning C4244: 'argument': conversion from '_Ty2' to 'float', possible loss of data
          with
          [
              _Ty2=int
          ]
c:\users\timur\source\repos\tower_defense\tower_defense\enemy.cpp(143): warning C4244: 'argument': conversion from 'double' to 'float', possible loss of data
c:\users\timur\source\repos\tower_defense\tower_defense\enemy.cpp(143): warning C4244: 'argument': conversion from '_Ty2' to 'float', possible loss of data
          with
          [
              _Ty2=int
          ]
c:\users\timur\source\repos\tower_defense\tower_defense\enemy.cpp(148): warning C4244: 'argument': conversion from '_Ty1' to 'float', possible loss of data
          with
          [
              _Ty1=int
          ]
c:\users\timur\source\repos\tower_defense\tower_defense\enemy.cpp(148): warning C4244: 'argument': conversion from 'double' to 'float', possible loss of data
c:\users\timur\source\repos\tower_defense\tower_defense\enemy.cpp(155): warning C4244: 'argument': conversion from 'double' to 'float', possible loss of data
c:\users\timur\source\repos\tower_defense\tower_defense\enemy.cpp(155): warning C4244: 'argument': conversion from 'int' to 'float', possible loss of data
c:\users\timur\source\repos\tower_defense\tower_defense\enemy.cpp(160): warning C4244: 'argument': conversion from 'double' to 'float', possible loss of data
c:\users\timur\source\repos\tower_defense\tower_defense\enemy.cpp(160): warning C4244: 'argument': conversion from 'int' to 'float', possible loss of data
c:\users\timur\source\repos\tower_defense\tower_defense\enemy.cpp(164): warning C4244: 'argument': conversion from 'double' to 'float', possible loss of data
c:\users\timur\source\repos\tower_defense\tower_defense\enemy.cpp(164): warning C4244: 'argument': conversion from '_Ty2' to 'float', possible loss of data
          with
          [
              _Ty2=int
          ]
c:\users\timur\source\repos\tower_defense\tower_defense\enemy.cpp(169): warning C4244: 'argument': conversion from '_Ty1' to 'float', possible loss of data
          with
          [
              _Ty1=int
          ]
c:\users\timur\source\repos\tower_defense\tower_defense\enemy.cpp(169): warning C4244: 'argument': conversion from 'double' to 'float', possible loss of data
c:\users\timur\source\repos\tower_defense\tower_defense\enemy.cpp(180): warning C4244: 'argument': conversion from 'double' to 'T', possible loss of data
          with
          [
              T=float
          ]
c:\users\timur\source\repos\tower_defense\tower_defense\enemy.cpp(185): warning C4244: 'argument': conversion from 'double' to 'float', possible loss of data
c:\users\timur\source\repos\tower_defense\tower_defense\enemy.cpp(186): warning C4244: 'argument': conversion from 'double' to 'float', possible loss of data
c:\users\timur\source\repos\tower_defense\tower_defense\enemy.cpp(189): warning C4244: 'argument': conversion from 'double' to 'float', possible loss of data
c:\users\timur\source\repos\tower_defense\tower_defense\enemy.cpp(190): warning C4244: 'argument': conversion from 'double' to 'float', possible loss of data
c:\users\timur\source\repos\tower_defense\tower_defense\enemy.cpp(193): warning C4244: 'argument': conversion from 'double' to 'float', possible loss of data
c:\users\timur\source\repos\tower_defense\tower_defense\enemy.cpp(194): warning C4244: 'argument': conversion from 'double' to 'float', possible loss of data
c:\users\timur\source\repos\tower_defense\tower_defense\enemy.cpp(197): warning C4244: 'argument': conversion from 'double' to 'float', possible loss of data
c:\users\timur\source\repos\tower_defense\tower_defense\enemy.cpp(198): warning C4244: 'argument': conversion from 'double' to 'float', possible loss of data
  field.cpp
c:\users\timur\source\repos\tower_defense\tower_defense\field.cpp(60): warning C4244: 'argument': conversion from 'int' to 'float', possible loss of data
c:\users\timur\source\repos\tower_defense\tower_defense\field.cpp(68): warning C4244: 'argument': conversion from '_Ty1' to 'float', possible loss of data
          with
          [
              _Ty1=int
          ]
c:\users\timur\source\repos\tower_defense\tower_defense\field.cpp(68): warning C4244: 'argument': conversion from '_Ty2' to 'float', possible loss of data
          with
          [
              _Ty2=int
          ]
c:\users\timur\source\repos\tower_defense\tower_defense\field.cpp(76): warning C4244: 'argument': conversion from 'int' to 'T', possible loss of data
          with
          [
              T=float
          ]
c:\users\timur\source\repos\tower_defense\tower_defense\field.cpp(77): warning C4244: 'argument': conversion from 'int' to 'float', possible loss of data
c:\users\timur\source\repos\tower_defense\tower_defense\field.cpp(78): warning C4244: 'argument': conversion from 'int' to 'T', possible loss of data
          with
          [
              T=float
          ]
c:\users\timur\source\repos\tower_defense\tower_defense\field.cpp(79): warning C4244: 'argument': conversion from 'int' to 'float', possible loss of data
c:\users\timur\source\repos\tower_defense\tower_defense\field.cpp(80): warning C4244: 'argument': conversion from 'int' to 'T', possible loss of data
          with
          [
              T=float
          ]
c:\users\timur\source\repos\tower_defense\tower_defense\field.cpp(81): warning C4244: 'argument': conversion from 'int' to 'float', possible loss of data
c:\users\timur\source\repos\tower_defense\tower_defense\field.cpp(82): warning C4244: 'argument': conversion from 'int' to 'T', possible loss of data
          with
          [
              T=float
          ]
c:\users\timur\source\repos\tower_defense\tower_defense\field.cpp(83): warning C4244: 'argument': conversion from 'int' to 'float', possible loss of data
  lastEnemy.cpp
c:\users\timur\source\repos\tower_defense\tower_defense\lastenemy.cpp(37): warning C4244: 'argument': conversion from 'double' to 'T', possible loss of data
          with
          [
              T=float
          ]
c:\users\timur\source\repos\tower_defense\tower_defense\lastenemy.cpp(42): warning C4244: 'argument': conversion from 'double' to 'float', possible loss of data
c:\users\timur\source\repos\tower_defense\tower_defense\lastenemy.cpp(43): warning C4244: 'argument': conversion from 'int' to 'float', possible loss of data
c:\users\timur\source\repos\tower_defense\tower_defense\lastenemy.cpp(76): warning C4244: 'argument': conversion from 'double' to 'float', possible loss of data
  main.cpp
  mainGame.cpp
  makeRoad.cpp
  menu.cpp
c:\users\timur\source\repos\tower_defense\tower_defense\menu.cpp(3): warning C4459: declaration of 'exitGame' hides global declaration
  c:\users\timur\source\repos\tower_defense\tower_defense\globals.h(13): note: see declaration of 'exitGame'
c:\users\timur\source\repos\tower_defense\tower_defense\menu.cpp(25): warning C4244: 'argument': conversion from 'T' to 'float', possible loss of data
          with
          [
              T=unsigned int
          ]
c:\users\timur\source\repos\tower_defense\tower_defense\menu.cpp(24): warning C4244: 'argument': conversion from 'T' to 'float', possible loss of data
          with
          [
              T=unsigned int
          ]
  missiles.cpp
c:\users\timur\source\repos\tower_defense\tower_defense\missiles.cpp(50): warning C4244: 'argument': conversion from 'double' to 'T', possible loss of data
          with
          [
              T=float
          ]
c:\users\timur\source\repos\tower_defense\tower_defense\missiles.cpp(51): warning C4244: 'argument': conversion from 'double' to 'float', possible loss of data
c:\users\timur\source\repos\tower_defense\tower_defense\missiles.cpp(52): warning C4244: 'argument': conversion from 'double' to 'float', possible loss of data
  blocksControl.cpp
c:\users\timur\source\repos\tower_defense\tower_defense\blockscontrol.cpp(121): warning C4244: '=': conversion from 'double' to 'int', possible loss of data
  music.cpp
c:\users\timur\source\repos\tower_defense\tower_defense\music.cpp(29): warning C4244: 'argument': conversion from 'time_t' to 'unsigned int', possible loss of data
  nextWave.cpp
  results.cpp
c:\users\timur\source\repos\tower_defense\tower_defense\results.cpp(5): warning C4459: declaration of 'exitGame' hides global declaration
  c:\users\timur\source\repos\tower_defense\tower_defense\globals.h(13): note: see declaration of 'exitGame'
  shop.cpp
c:\users\timur\source\repos\tower_defense\tower_defense\shop.cpp(136): warning C4244: 'argument': conversion from 'double' to 'float', possible loss of data
c:\users\timur\source\repos\tower_defense\tower_defense\shop.cpp(136): warning C4244: 'argument': conversion from 'int' to 'float', possible loss of data
c:\users\timur\source\repos\tower_defense\tower_defense\shop.cpp(147): warning C4244: 'argument': conversion from 'double' to 'float', possible loss of data
c:\users\timur\source\repos\tower_defense\tower_defense\shop.cpp(162): warning C4244: 'argument': conversion from 'double' to 'float', possible loss of data
c:\users\timur\source\repos\tower_defense\tower_defense\shop.cpp(162): warning C4244: 'argument': conversion from 'int' to 'float', possible loss of data
c:\users\timur\source\repos\tower_defense\tower_defense\shop.cpp(164): warning C4244: 'argument': conversion from 'double' to 'float', possible loss of data
c:\users\timur\source\repos\tower_defense\tower_defense\shop.cpp(164): warning C4244: 'argument': conversion from 'int' to 'float', possible loss of data
c:\users\timur\source\repos\tower_defense\tower_defense\shop.cpp(166): warning C4244: 'argument': conversion from 'double' to 'float', possible loss of data
c:\users\timur\source\repos\tower_defense\tower_defense\shop.cpp(166): warning C4244: 'argument': conversion from 'int' to 'float', possible loss of data
c:\users\timur\source\repos\tower_defense\tower_defense\shop.cpp(168): warning C4244: 'argument': conversion from 'double' to 'float', possible loss of data
c:\users\timur\source\repos\tower_defense\tower_defense\shop.cpp(168): warning C4244: 'argument': conversion from 'int' to 'float', possible loss of data
c:\users\timur\source\repos\tower_defense\tower_defense\shop.cpp(303): warning C4244: 'argument': conversion from 'int' to 'float', possible loss of data
  tower.cpp
c:\users\timur\source\repos\tower_defense\tower_defense\tower.cpp(54): warning C4244: 'argument': conversion from '_Ty1' to 'float', possible loss of data
          with
          [
              _Ty1=int
          ]
c:\users\timur\source\repos\tower_defense\tower_defense\tower.cpp(54): warning C4244: 'argument': conversion from '_Ty2' to 'float', possible loss of data
          with
          [
              _Ty2=int
          ]
c:\users\timur\source\repos\tower_defense\tower_defense\tower.cpp(128): warning C4244: 'argument': conversion from 'double' to 'int', possible loss of data
  towersControl.cpp
c:\users\timur\source\repos\tower_defense\tower_defense\towerscontrol.cpp(66): warning C4244: 'argument': conversion from 'int' to 'float', possible loss of data
c:\users\timur\source\repos\tower_defense\tower_defense\towerscontrol.cpp(71): warning C4244: 'argument': conversion from 'int' to 'float', possible loss of data
  Generating code
c:\users\timur\source\repos\tower_defense\tower_defense\lastenemy.cpp(32): warning C4701: potentially uninitialized local variable 'xDirection' used
c:\users\timur\source\repos\tower_defense\tower_defense\lastenemy.cpp(33): warning C4701: potentially uninitialized local variable 'yDirection' used
c:\users\timur\source\repos\tower_defense\tower_defense\lastenemy.cpp(76): warning C4701: potentially uninitialized local variable 'xDirection' used
c:\users\timur\source\repos\tower_defense\tower_defense\lastenemy.cpp(76): warning C4701: potentially uninitialized local variable 'yDirection' used
c:\users\timur\source\repos\tower_defense\tower_defense\missiles.cpp(41): warning C4701: potentially uninitialized local variable 'xDirection' used
c:\users\timur\source\repos\tower_defense\tower_defense\missiles.cpp(43): warning C4701: potentially uninitialized local variable 'yDirection' used
  116 of 771 functions (15.0%) were compiled, the rest were copied from previous compilation.
    77 functions were new in current compilation
    2 functions had inline decision re-evaluated but remain unchanged
  Finished generating code
  Tower_Defense.vcxproj -> C:\Users\timur\source\repos\Tower_Defense\Release\Tower_Defense.exe
